<?xml version="1.0" encoding="UTF-8"?>
<!-- Generated by org.testng.reporters.JUnitReportReporter -->
<testsuite hostname="ENCDTH068" name="com.lp.TestBase.LoginTest" tests="1" failures="0" timestamp="5 Dec 2019 12:26:38 GMT" time="137.846" errors="0">
  <testcase name="logintest" time="137.846" classname="com.lp.TestBase.LoginTest"/>
</testsuite> <!-- com.lp.TestBase.LoginTest -->
