<?xml version="1.0" encoding="UTF-8"?>
<!-- Generated by org.testng.reporters.JUnitReportReporter -->
<testsuite hostname="ENCDTH068" name="com.lp.TestBase.LoginTest" tests="1" failures="0" timestamp="4 Dec 2019 13:32:31 GMT" time="113.789" errors="0">
  <testcase name="logintest" time="113.789" classname="com.lp.TestBase.LoginTest"/>
</testsuite> <!-- com.lp.TestBase.LoginTest -->
