<?xml version="1.0" encoding="UTF-8"?>
<!-- Generated by org.testng.reporters.JUnitReportReporter -->
<testsuite hostname="ENCDTH068" name="exampleprograms.ConnectionDB" tests="1" failures="0" timestamp="19 Dec 2019 07:45:41 GMT" time="0.145" errors="0">
  <testcase name="getEmployeesFromDataBase" time="0.145" classname="exampleprograms.ConnectionDB"/>
</testsuite> <!-- exampleprograms.ConnectionDB -->
