<?xml version="1.0" encoding="UTF-8"?>
<!-- Generated by org.testng.reporters.JUnitReportReporter -->
<testsuite hostname="ENCDTH068" name="com.lp.TestBase.BaseTest" tests="1" failures="0" timestamp="5 Dec 2019 12:26:38 GMT" time="15.720" errors="0">
  <testcase name="openbrowesertest" time="15.720" classname="com.lp.TestBase.BaseTest"/>
</testsuite> <!-- com.lp.TestBase.BaseTest -->
