<?xml version="1.0" encoding="UTF-8"?>
<!-- Generated by org.testng.reporters.JUnitReportReporter -->
<testsuite hostname="ENCDTH068" name="com.lp.TestBase.LoginTest" tests="1" failures="0" timestamp="9 Dec 2019 11:49:09 GMT" time="59.846" errors="0">
  <testcase name="logintest" time="59.846" classname="com.lp.TestBase.LoginTest"/>
</testsuite> <!-- com.lp.TestBase.LoginTest -->
